<?xml version="1.0" encoding="UTF-8"?>
<!-- Generated by org.testng.reporters.JUnitXMLReporter -->
<testsuite ignored="0" hostname="I2E-LAP-MP03" failures="0" tests="6" name="Default test" time="65.498" errors="0" timestamp="2022-02-11T14:47:02 IST">
  <testcase classname="testCasesV2.TestCasesSprint11_2" name="TLMDRx_059" time="35.365"/>
  <testcase classname="testCasesV2.TestCasesSprint11_2" name="TLMDRx_060" time="3.128"/>
  <testcase classname="testCasesV2.TestCasesSprint11_2" name="TLMDRx_067" time="1.331"/>
  <testcase classname="testCasesV2.TestCasesSprint11_2" name="TLMDRx_069" time="0.346"/>
  <testcase classname="testCasesV2.TestCasesSprint11_2" name="TLMDRx_071" time="0.043"/>
  <testcase classname="testCasesV2.TestCasesSprint11_2" name="TLMDRx_070" time="20.452"/>
</testsuite> <!-- Default test -->
