<?xml version="1.0" encoding="UTF-8"?>
<!-- Generated by org.testng.reporters.JUnitXMLReporter -->
<testsuite ignored="0" hostname="I2E-LAP-MP03" failures="0" tests="11" name="Default test" time="30.232" errors="0" timestamp="2022-02-17T15:57:40 IST">
  <testcase classname="testCasesV2.TestCasesSprint11" name="launchIntroPage" time="21.627"/>
  <testcase classname="testCasesV2.TestCasesSprint11" name="TLMDRx_049" time="1.352"/>
  <testcase classname="testCasesV2.TestCasesSprint11" name="TLMDRx_050" time="0.046"/>
  <testcase classname="testCasesV2.TestCasesSprint11" name="TLMDRx_051" time="0.666"/>
  <testcase classname="testCasesV2.TestCasesSprint11" name="TLMDRx_052" time="0.042"/>
  <testcase classname="testCasesV2.TestCasesSprint11" name="clickforgetback" time="1.53"/>
  <testcase classname="testCasesV2.TestCasesSprint11" name="TLMDRx_053" time="0.144"/>
  <testcase classname="testCasesV2.TestCasesSprint11" name="TLMDRx_054" time="0.152"/>
  <testcase classname="testCasesV2.TestCasesSprint11" name="TLMDRx_055" time="1.623"/>
  <testcase classname="testCasesV2.TestCasesSprint11" name="TLMDRx_056" time="0.11"/>
  <testcase classname="testCasesV2.TestCasesSprint11" name="TLMDRx_057" time="0.502"/>
</testsuite> <!-- Default test -->
