<?xml version="1.0" encoding="UTF-8"?>
<testng-results ignored="0" total="1" passed="1" failed="0" skipped="0">
  <reporter-output>
  </reporter-output>
  <suite started-at="2022-02-25T12:47:13 IST" name="Default suite" finished-at="2022-02-25T12:47:46 IST" duration-ms="32351">
    <groups>
    </groups>
    <test started-at="2022-02-25T12:47:13 IST" name="Default test" finished-at="2022-02-25T12:47:46 IST" duration-ms="32351">
      <class name="Testcase.test300">
        <test-method is-config="true" signature="initial()[pri:0, instance:Testcase.test300@39529185]" started-at="2022-02-25T12:47:13 IST" name="initial" finished-at="2022-02-25T12:47:18 IST" duration-ms="4472" status="PASS">
          <reporter-output>
          </reporter-output>
        </test-method> <!-- initial -->
        <test-method signature="signup()[pri:0, instance:Testcase.test300@39529185]" started-at="2022-02-25T12:47:18 IST" name="signup" finished-at="2022-02-25T12:47:46 IST" duration-ms="27822" status="PASS">
          <reporter-output>
          </reporter-output>
        </test-method> <!-- signup -->
      </class> <!-- Testcase.test300 -->
    </test> <!-- Default test -->
  </suite> <!-- Default suite -->
</testng-results>
