<?xml version="1.0" encoding="UTF-8"?>
<testng-results ignored="0" total="11" passed="11" failed="0" skipped="0">
  <reporter-output>
  </reporter-output>
  <suite started-at="2022-02-17T15:57:09 IST" name="Default suite" finished-at="2022-02-17T15:57:40 IST" duration-ms="30232">
    <groups>
    </groups>
    <test started-at="2022-02-17T15:57:09 IST" name="Default test" finished-at="2022-02-17T15:57:40 IST" duration-ms="30232">
      <class name="testCasesV2.TestCasesSprint11">
        <test-method is-config="true" signature="initial()[pri:0, instance:testCasesV2.TestCasesSprint11@41fbdac4]" started-at="2022-02-17T15:57:09 IST" name="initial" finished-at="2022-02-17T15:57:12 IST" duration-ms="2359" status="PASS">
          <reporter-output>
          </reporter-output>
        </test-method> <!-- initial -->
        <test-method signature="launchIntroPage()[pri:0, instance:testCasesV2.TestCasesSprint11@41fbdac4]" started-at="2022-02-17T15:57:12 IST" name="launchIntroPage" finished-at="2022-02-17T15:57:33 IST" duration-ms="21627" status="PASS">
          <reporter-output>
          </reporter-output>
        </test-method> <!-- launchIntroPage -->
        <test-method signature="TLMDRx_049()[pri:1, instance:testCasesV2.TestCasesSprint11@41fbdac4]" started-at="2022-02-17T15:57:33 IST" name="TLMDRx_049" finished-at="2022-02-17T15:57:35 IST" duration-ms="1352" status="PASS">
          <reporter-output>
          </reporter-output>
        </test-method> <!-- TLMDRx_049 -->
        <test-method signature="TLMDRx_050()[pri:2, instance:testCasesV2.TestCasesSprint11@41fbdac4]" started-at="2022-02-17T15:57:35 IST" name="TLMDRx_050" finished-at="2022-02-17T15:57:35 IST" duration-ms="46" status="PASS">
          <reporter-output>
          </reporter-output>
        </test-method> <!-- TLMDRx_050 -->
        <test-method signature="TLMDRx_051()[pri:3, instance:testCasesV2.TestCasesSprint11@41fbdac4]" started-at="2022-02-17T15:57:35 IST" name="TLMDRx_051" finished-at="2022-02-17T15:57:36 IST" duration-ms="666" status="PASS">
          <reporter-output>
          </reporter-output>
        </test-method> <!-- TLMDRx_051 -->
        <test-method signature="TLMDRx_052()[pri:4, instance:testCasesV2.TestCasesSprint11@41fbdac4]" started-at="2022-02-17T15:57:36 IST" name="TLMDRx_052" finished-at="2022-02-17T15:57:36 IST" duration-ms="42" status="PASS">
          <reporter-output>
          </reporter-output>
        </test-method> <!-- TLMDRx_052 -->
        <test-method signature="clickforgetback()[pri:5, instance:testCasesV2.TestCasesSprint11@41fbdac4]" started-at="2022-02-17T15:57:36 IST" name="clickforgetback" finished-at="2022-02-17T15:57:37 IST" duration-ms="1530" status="PASS">
          <reporter-output>
          </reporter-output>
        </test-method> <!-- clickforgetback -->
        <test-method signature="TLMDRx_053()[pri:6, instance:testCasesV2.TestCasesSprint11@41fbdac4]" started-at="2022-02-17T15:57:37 IST" name="TLMDRx_053" finished-at="2022-02-17T15:57:37 IST" duration-ms="144" status="PASS">
          <reporter-output>
          </reporter-output>
        </test-method> <!-- TLMDRx_053 -->
        <test-method signature="TLMDRx_054()[pri:7, instance:testCasesV2.TestCasesSprint11@41fbdac4]" started-at="2022-02-17T15:57:37 IST" name="TLMDRx_054" finished-at="2022-02-17T15:57:37 IST" duration-ms="152" status="PASS">
          <reporter-output>
          </reporter-output>
        </test-method> <!-- TLMDRx_054 -->
        <test-method signature="TLMDRx_055()[pri:8, instance:testCasesV2.TestCasesSprint11@41fbdac4]" started-at="2022-02-17T15:57:37 IST" name="TLMDRx_055" finished-at="2022-02-17T15:57:39 IST" duration-ms="1623" status="PASS">
          <reporter-output>
          </reporter-output>
        </test-method> <!-- TLMDRx_055 -->
        <test-method signature="TLMDRx_056()[pri:8, instance:testCasesV2.TestCasesSprint11@41fbdac4]" started-at="2022-02-17T15:57:39 IST" name="TLMDRx_056" finished-at="2022-02-17T15:57:39 IST" duration-ms="110" status="PASS">
          <reporter-output>
          </reporter-output>
        </test-method> <!-- TLMDRx_056 -->
        <test-method signature="TLMDRx_057()[pri:9, instance:testCasesV2.TestCasesSprint11@41fbdac4]" started-at="2022-02-17T15:57:39 IST" name="TLMDRx_057" finished-at="2022-02-17T15:57:40 IST" duration-ms="502" status="PASS">
          <reporter-output>
          </reporter-output>
        </test-method> <!-- TLMDRx_057 -->
      </class> <!-- testCasesV2.TestCasesSprint11 -->
    </test> <!-- Default test -->
  </suite> <!-- Default suite -->
</testng-results>
