<?xml version="1.0" encoding="UTF-8"?>
<!-- Generated by org.testng.reporters.JUnitXMLReporter -->
<testsuite ignored="1" hostname="I2E-LAP-MP03" failures="1" tests="17" name="Test" time="43.636" errors="0" timestamp="2022-02-15T18:28:16 IST">
  <testcase classname="testCasesV2.TestCasesSprint11" name="launchIntroPage" time="30.306"/>
  <testcase classname="testCasesV2.TestCasesSprint11" name="TLMDRx_049" time="0.968"/>
  <testcase classname="testCasesV2.TestCasesSprint11" name="TLMDRx_050" time="0.053"/>
  <testcase classname="testCasesV2.TestCasesSprint11" name="TLMDRx_051" time="0.623"/>
  <testcase classname="testCasesV2.TestCasesSprint11" name="TLMDRx_052" time="0.036"/>
  <testcase classname="testCasesV2.TestCasesSprint11" name="clickforgetback" time="1.428"/>
  <testcase classname="testCasesV2.TestCasesSprint11" name="TLMDRx_053" time="0.052"/>
  <testcase classname="testCasesV2.TestCasesSprint11" name="TLMDRx_054" time="0.097"/>
  <testcase classname="testCasesV2.TestCasesSprint11" name="TLMDRx_055" time="1.465"/>
  <testcase classname="testCasesV2.TestCasesSprint11" name="TLMDRx_056" time="0.039"/>
  <testcase classname="testCasesV2.TestCasesSprint11" name="TLMDRx_057" time="0.325"/>
  <testcase classname="testCasesV2.TestCasesSprint11_2" name="TLMDRx_059" time="0.471"/>
  <testcase classname="testCasesV2.TestCasesSprint11_2" name="TLMDRx_060" time="1.695"/>
  <testcase classname="testCasesV2.TestCasesSprint11_2" name="TLMDRx_067" time="0.284"/>
  <testcase classname="testCasesV2.TestCasesSprint11_2" name="TLMDRx_069" time="0.231"/>
  <testcase classname="testCasesV2.TestCasesSprint11_2" name="TLMDRx_071" time="0.025"/>
  <testcase classname="testCasesV2.TestCasesSprint11_2" name="TLMDRx_070" time="3.712">
    <failure type="java.lang.AssertionError" message="The following asserts failed:
	expected [NEX] but found [NEXT]">
      <![CDATA[java.lang.AssertionError: The following asserts failed:
expected [NEX] but found [NEXT]
at testCasesV2.TestCasesSprint11_2.TLMDRx_070(TestCasesSprint11_2.java:255)
at java.base/java.util.ArrayList.forEach(ArrayList.java:1511)
... Removed 29 stack frames]]>
    </failure>
  </testcase> <!-- TLMDRx_070 -->
  <testcase classname="Testbase.Testbase" name="@BeforeTest initial" time="0.0">
    <ignored/>
  </testcase> <!-- @BeforeTest initial -->
</testsuite> <!-- Test -->
