<?xml version="1.0" encoding="UTF-8"?>
<!-- Generated by org.testng.reporters.JUnitXMLReporter -->
<testsuite ignored="0" hostname="I2E-LAP-MP03" failures="0" tests="11" name="Test10" time="42.537" errors="0" timestamp="2022-02-23T16:48:36 IST">
  <testcase classname="testCasesV2.TestCasesSprint11" name="launchIntroPage" time="34.443"/>
  <testcase classname="testCasesV2.TestCasesSprint11" name="TLMDRx_049_Login" time="1.257"/>
  <testcase classname="testCasesV2.TestCasesSprint11" name="TLMDRx_050_Login" time="0.042"/>
  <testcase classname="testCasesV2.TestCasesSprint11" name="TLMDRx_051_Login" time="0.655"/>
  <testcase classname="testCasesV2.TestCasesSprint11" name="TLMDRx_052_Login" time="0.035"/>
  <testcase classname="testCasesV2.TestCasesSprint11" name="clickforgetback" time="1.523"/>
  <testcase classname="testCasesV2.TestCasesSprint11" name="TLMDRx_053" time="0.039"/>
  <testcase classname="testCasesV2.TestCasesSprint11" name="TLMDRx_054" time="0.159"/>
  <testcase classname="testCasesV2.TestCasesSprint11" name="TLMDRx_055" time="1.716"/>
  <testcase classname="testCasesV2.TestCasesSprint11" name="TLMDRx_056" time="0.035"/>
  <testcase classname="testCasesV2.TestCasesSprint11" name="TLMDRx_057" time="0.312"/>
</testsuite> <!-- Test10 -->
