<?xml version="1.0" encoding="UTF-8"?>
<!-- Generated by org.testng.reporters.JUnitXMLReporter -->
<testsuite ignored="1" hostname="I2E-LAP-MP03" failures="2" tests="21" name="Test" time="149.029" errors="0" timestamp="2022-02-24T17:10:45 IST">
  <testcase classname="testCasesV2.TestCasesSprint10" name="TLMDRx_016" time="34.619"/>
  <testcase classname="testCasesV2.TestCasesSprint10" name="TLMDRx_001" time="10.482">
    <failure type="org.openqa.selenium.TimeoutException" message="Expected condition failed: waiting for element to be clickable: By.xpath: //div[contains(text(),&amp;apos;Confirm Clinic Location:&amp;apos;)] (tried for 10 second(s) with 500 milliseconds interval)">
      <![CDATA[org.openqa.selenium.TimeoutException: Expected condition failed: waiting for element to be clickable: By.xpath: //div[contains(text(),'Confirm Clinic Location:')] (tried for 10 second(s) with 500 milliseconds interval)
at org.openqa.selenium.support.ui.WebDriverWait.timeoutException(WebDriverWait.java:113)
at org.openqa.selenium.support.ui.FluentWait.until(FluentWait.java:283)
at testCasesV2.TestCasesSprint10.TLMDRx_001(TestCasesSprint10.java:51)
at java.base/java.util.ArrayList.forEach(ArrayList.java:1511)
Caused by: org.openqa.selenium.NoSuchElementException: Cannot locate an element using By.xpath: //div[contains(text(),'Confirm Clinic Location:')]
For documentation on this error, please visit: http://seleniumhq.org/exceptions/no_such_element.html
Build info: version: '3.14.0', revision: 'aacccce0', time: '2018-08-02T20:19:58.91Z'
System info: host: 'I2E-LAP-MP03', ip: '192.168.1.100', os.name: 'Windows 10', os.arch: 'amd64', os.version: '10.0', java.version: '17.0.2'
Driver info: driver.version: unknown
at org.openqa.selenium.support.ui.ExpectedConditions.lambda$findElement$0(ExpectedConditions.java:896)
at java.base/java.util.Optional.orElseThrow(Optional.java:403)
at org.openqa.selenium.support.ui.ExpectedConditions.findElement(ExpectedConditions.java:895)
at org.openqa.selenium.support.ui.ExpectedConditions.access$000(ExpectedConditions.java:44)
at org.openqa.selenium.support.ui.ExpectedConditions$7.apply(ExpectedConditions.java:206)
at org.openqa.selenium.support.ui.ExpectedConditions$7.apply(ExpectedConditions.java:202)
at org.openqa.selenium.support.ui.ExpectedConditions$22.apply(ExpectedConditions.java:657)
at org.openqa.selenium.support.ui.ExpectedConditions$22.apply(ExpectedConditions.java:654)
at org.openqa.selenium.support.ui.FluentWait.until(FluentWait.java:260)
... 29 more
... Removed 27 stack frames]]>
    </failure>
  </testcase> <!-- TLMDRx_001 -->
  <testcase classname="testCasesV2.TestCasesSprint10" name="TLMDRx_002" time="0.133"/>
  <testcase classname="testCasesV2.TestCasesSprint10" name="TLMDRx_003" time="0.113"/>
  <testcase classname="testCasesV2.TestCasesSprint10" name="TLMDRx_004" time="0.134"/>
  <testcase classname="testCasesV2.TestCasesSprint10" name="TLMDRx_006" time="3.344"/>
  <testcase classname="testCasesV2.TestCasesSprint10" name="TLMDRx_007" time="3.799"/>
  <testcase classname="testCasesV2.TestCasesSprint10" name="TLMDRx_009" time="12.577"/>
  <testcase classname="testCasesV2.TestCasesSprint10" name="TLMDRx_010" time="2.891"/>
  <testcase classname="testCasesV2.TestCasesSprint10" name="TLMDRx_011" time="3.133"/>
  <testcase classname="testCasesV2.TestCasesSprint10" name="TLMDRx_012" time="12.035"/>
  <testcase classname="testCasesV2.TestCasesSprint10" name="TLMDRx_018" time="2.099"/>
  <testcase classname="testCasesV2.TestCasesSprint10" name="TLMDRx_017" time="2.039"/>
  <testcase classname="testCasesV2.TestCasesSprint10" name="TLMDRx_020" time="0.068"/>
  <testcase classname="testCasesV2.TestCasesSprint10" name="TLMDRx_023" time="0.187"/>
  <testcase classname="testCasesV2.TestCasesSprint10" name="TLMDRx_024" time="2.096"/>
  <testcase classname="testCasesV2.TestCasesSprint10_2" name="intials" time="10.199">
    <failure type="org.openqa.selenium.TimeoutException" message="Expected condition failed: waiting for element to be clickable: By.xpath: //body/div[1]/div[1]/div[1]/div[1]/div[1]/div[2]/div[1]/div[1]/div[2]/div[1]/input[1] (tried for 10 second(s) with 500 milliseconds interval)">
      <![CDATA[org.openqa.selenium.TimeoutException: Expected condition failed: waiting for element to be clickable: By.xpath: //body/div[1]/div[1]/div[1]/div[1]/div[1]/div[2]/div[1]/div[1]/div[2]/div[1]/input[1] (tried for 10 second(s) with 500 milliseconds interval)
at org.openqa.selenium.support.ui.WebDriverWait.timeoutException(WebDriverWait.java:113)
at org.openqa.selenium.support.ui.FluentWait.until(FluentWait.java:283)
at PageObjects.LoginPage.Doctorloginform(LoginPage.java:31)
at testCasesV2.TestCasesSprint10_2.intials(TestCasesSprint10_2.java:18)
at java.base/java.util.ArrayList.forEach(ArrayList.java:1511)
Caused by: org.openqa.selenium.NoSuchElementException: Cannot locate an element using By.xpath: //body/div[1]/div[1]/div[1]/div[1]/div[1]/div[2]/div[1]/div[1]/div[2]/div[1]/input[1]
For documentation on this error, please visit: http://seleniumhq.org/exceptions/no_such_element.html
Build info: version: '3.14.0', revision: 'aacccce0', time: '2018-08-02T20:19:58.91Z'
System info: host: 'I2E-LAP-MP03', ip: '192.168.1.100', os.name: 'Windows 10', os.arch: 'amd64', os.version: '10.0', java.version: '17.0.2'
Driver info: driver.version: unknown
at org.openqa.selenium.support.ui.ExpectedConditions.lambda$findElement$0(ExpectedConditions.java:896)
at java.base/java.util.Optional.orElseThrow(Optional.java:403)
at org.openqa.selenium.support.ui.ExpectedConditions.findElement(ExpectedConditions.java:895)
at org.openqa.selenium.support.ui.ExpectedConditions.access$000(ExpectedConditions.java:44)
at org.openqa.selenium.support.ui.ExpectedConditions$7.apply(ExpectedConditions.java:206)
at org.openqa.selenium.support.ui.ExpectedConditions$7.apply(ExpectedConditions.java:202)
at org.openqa.selenium.support.ui.ExpectedConditions$22.apply(ExpectedConditions.java:657)
at org.openqa.selenium.support.ui.ExpectedConditions$22.apply(ExpectedConditions.java:654)
at org.openqa.selenium.support.ui.FluentWait.until(FluentWait.java:260)
... 30 more
... Removed 27 stack frames]]>
    </failure>
  </testcase> <!-- intials -->
  <testcase classname="testCasesV2.TestCasesSprint10_2" name="TLMDRx_027" time="2.458"/>
  <testcase classname="testCasesV2.TestCasesSprint10_2" name="TLMDRx_028" time="13.805"/>
  <testcase classname="testCasesV2.TestCasesSprint10_2" name="TLMDRx_029" time="20.629"/>
  <testcase classname="testCasesV2.TestCasesSprint10_2" name="TLMDRx_030" time="10.064"/>
  <testcase classname="Testbase.Testbase" name="@BeforeTest initial" time="0.0">
    <ignored/>
  </testcase> <!-- @BeforeTest initial -->
</testsuite> <!-- Test -->
